<?xml version="1.0" encoding="UTF-8"?>
<!-- Generated by org.testng.reporters.JUnitXMLReporter -->
<testsuite ignored="10" hostname="CAITPAY-WL0251" failures="2" tests="9" name="Test" time="6.972" errors="0" timestamp="2023-05-28T15:45:47 EET">
  <testcase classname="test.PostApi" name="postApiTest" time="2.649"/>
  <testcase classname="test.GetSingleUser" name="postApiTest" time="0.43"/>
  <testcase classname="test.GetSingleUser" name="getSingleUser" time="0.257">
    <failure type="java.lang.AssertionError" message="expected [200] but found [404]">
      <![CDATA[java.lang.AssertionError: expected [200] but found [404]
at test.GetSingleUser.getSingleUser(GetSingleUser.java:53)
at java.base/java.util.ArrayList.forEach(ArrayList.java:1511)
... Removed 33 stack frames]]>
    </failure>
  </testcase> <!-- getSingleUser -->
  <testcase classname="test.PutApi" name="postApiTest" time="0.458"/>
  <testcase classname="test.PutApi" name="putApiTest" time="0.225"/>
  <testcase classname="test.GetListUsers" name="getListUsers" time="0.128"/>
  <testcase classname="test.DeleteUser" name="postApiTest" time="0.401"/>
  <testcase classname="test.DeleteUser" name="deleteUser" time="0.206">
    <failure type="java.lang.AssertionError" message="expected [200] but found [204]">
      <![CDATA[java.lang.AssertionError: expected [200] but found [204]
at test.DeleteUser.deleteUser(DeleteUser.java:55)
at java.base/java.util.ArrayList.forEach(ArrayList.java:1511)
... Removed 33 stack frames]]>
    </failure>
  </testcase> <!-- deleteUser -->
  <testcase classname="test.GetSingleUserWithExistingId" name="getSingleUserWithExistingId" time="0.146"/>
  <testcase classname="test.TestBase" name="@AfterTest teardown" time="0.0">
    <ignored/>
  </testcase> <!-- @AfterTest teardown -->
  <testcase classname="test.TestBase" name="@BeforeTest setup" time="0.0">
    <ignored/>
  </testcase> <!-- @BeforeTest setup -->
  <testcase classname="test.TestBase" name="@AfterTest teardown" time="0.0">
    <ignored/>
  </testcase> <!-- @AfterTest teardown -->
  <testcase classname="test.TestBase" name="@AfterTest teardown" time="0.0">
    <ignored/>
  </testcase> <!-- @AfterTest teardown -->
  <testcase classname="test.TestBase" name="@BeforeTest setup" time="0.0">
    <ignored/>
  </testcase> <!-- @BeforeTest setup -->
  <testcase classname="test.TestBase" name="@AfterTest teardown" time="0.0">
    <ignored/>
  </testcase> <!-- @AfterTest teardown -->
  <testcase classname="test.TestBase" name="@BeforeTest setup" time="0.0">
    <ignored/>
  </testcase> <!-- @BeforeTest setup -->
  <testcase classname="test.TestBase" name="@AfterTest teardown" time="0.0">
    <ignored/>
  </testcase> <!-- @AfterTest teardown -->
  <testcase classname="test.TestBase" name="@BeforeTest setup" time="0.0">
    <ignored/>
  </testcase> <!-- @BeforeTest setup -->
  <testcase classname="test.TestBase" name="@BeforeTest setup" time="0.0">
    <ignored/>
  </testcase> <!-- @BeforeTest setup -->
</testsuite> <!-- Test -->
